\BOOKMARK [1][-]{section.1}{Introduction}{}% 1
\BOOKMARK [1][-]{section.2}{System Model}{}% 2
\BOOKMARK [2][-]{subsection.2.1}{Conventional FD TR SISO OFDM Communication}{section.2}% 3
\BOOKMARK [3][-]{subsubsection.2.1.1}{Received sequence at the intended position}{subsection.2.1}% 4
\BOOKMARK [3][-]{subsubsection.2.1.2}{Received sequence at the unintended position}{subsection.2.1}% 5
\BOOKMARK [2][-]{subsection.2.2}{FD TR SISO OFDM communication with AN addition}{section.2}% 6
\BOOKMARK [3][-]{subsubsection.2.2.1}{AN Design}{subsection.2.2}% 7
\BOOKMARK [3][-]{subsubsection.2.2.2}{Received sequence at the intended position}{subsection.2.2}% 8
\BOOKMARK [3][-]{subsubsection.2.2.3}{Received sequence at the unintended position}{subsection.2.2}% 9
\BOOKMARK [1][-]{section.3}{Performance Assessment}{}% 10
\BOOKMARK [2][-]{subsection.3.1}{SINR determination}{section.3}% 11
\BOOKMARK [3][-]{subsubsection.3.1.1}{At Bob, i.e., the intended position}{subsection.3.1}% 12
\BOOKMARK [3][-]{subsubsection.3.1.2}{At Eve, i.e., the unintended position}{subsection.3.1}% 13
\BOOKMARK [2][-]{subsection.3.2}{Optimal amount of AN to inject}{section.3}% 14
\BOOKMARK [2][-]{subsection.3.3}{Secrecy rate optimization via waterfilling}{section.3}% 15
\BOOKMARK [1][-]{section.4}{Simulation Results}{}% 16
\BOOKMARK [2][-]{subsection.4.1}{Decoding results}{section.4}% 17
\BOOKMARK [2][-]{subsection.4.2}{Secrecy results}{section.4}% 18
\BOOKMARK [3][-]{subsubsection.4.2.1}{Eve and Bob with identical capacities}{subsection.4.2}% 19
\BOOKMARK [3][-]{subsubsection.4.2.2}{Comparison between the different decoding structures}{subsection.4.2}% 20
\BOOKMARK [3][-]{subsubsection.4.2.3}{Waterfilling Optimization}{subsection.4.2}% 21
\BOOKMARK [1][-]{section.5}{Conclusion \046 Perspectives}{}% 22
\BOOKMARK [1][-]{section.5}{Appendices}{}% 23
\BOOKMARK [1][-]{Appendix.1.A}{SINR derivation}{}% 24
\BOOKMARK [2][-]{subsection.1.A.1}{At the intended position}{Appendix.1.A}% 25
\BOOKMARK [2][-]{subsection.1.A.2}{At the unintended position}{Appendix.1.A}% 26
\BOOKMARK [3][-]{subsubsection.1.A.2.1}{Eve and Bob with identical capacities}{subsection.1.A.2}% 27
\BOOKMARK [3][-]{subsubsection.1.A.2.2}{Matched Filtering}{subsection.1.A.2}% 28
\BOOKMARK [3][-]{subsubsection.1.A.2.3}{AN suppression}{subsection.1.A.2}% 29
\BOOKMARK [3][-]{subsubsection.1.A.2.4}{LMMSE}{subsection.1.A.2}% 30
\BOOKMARK [1][-]{Appendix.1.B}{Optimal amount of AN to inject derivation}{}% 31
